<?xml version="1.0" encoding="UTF-8"?>
<!-- Generated by org.testng.reporters.JUnitReportReporter -->
<testsuite skipped="0" hostname="Synavoss-MacBook-Pro-5.local" name="com.ahmed.rest.restapi.RestService" tests="1" failures="0" timestamp="2021-07-13T14:43:51 PKT" time="2.119" errors="0">
  <testcase name="addBook" time="2.119" classname="com.ahmed.rest.restapi.RestService"/>
  <system-out/>
</testsuite> <!-- com.ahmed.rest.restapi.RestService -->
