<?xml version="1.0" encoding="UTF-8"?>
<!-- Generated by org.testng.reporters.JUnitReportReporter -->
<testsuite skipped="0" hostname="Synavoss-MBP-5.Home" name="com.ahmed.ussd.stringbased.ErsUssdStringBased" tests="1" failures="0" timestamp="2021-03-12T16:33:21 PKT" time="0.005" errors="0">
  <testcase name="verifyCreditTransfer" time="0.005" classname="com.ahmed.ussd.stringbased.ErsUssdStringBased"/>
  <system-out/>
</testsuite> <!-- com.ahmed.ussd.stringbased.ErsUssdStringBased -->
