<?xml version="1.0" encoding="UTF-8"?>
<!-- Generated by org.testng.reporters.JUnitReportReporter -->
<testsuite skipped="0" hostname="Synavoss-MacBook-Pro-5.local" name="com.ahmed.ussd.stringbased.ErsUssdStringBased" tests="1" failures="0" timestamp="2021-03-15T17:45:51 PKT" time="0.238" errors="0">
  <testcase name="verifyCreditTransfer" time="0.238" classname="com.ahmed.ussd.stringbased.ErsUssdStringBased"/>
  <system-out/>
</testsuite> <!-- com.ahmed.ussd.stringbased.ErsUssdStringBased -->
